<?xml version="1.0" encoding="UTF-8"?>
<!-- Generated by org.testng.reporters.JUnitReportReporter -->
<testsuite skipped="0" hostname="DESKTOP-9KU8G8P" name="testcases.LoginPageTest" tests="4" failures="0" timestamp="13 Sep 2018 09:42:13 GMT" time="147.867" errors="0">
  <testcase name="crmLogoTest" time="28.416" classname="testcases.LoginPageTest"/>
  <testcase name="validateTitleTest" time="32.950" classname="testcases.LoginPageTest"/>
  <testcase name="loginTest" time="28.025" classname="testcases.LoginPageTest"/>
  <testcase name="testFeautureLink" time="58.476" classname="testcases.LoginPageTest"/>
</testsuite> <!-- testcases.LoginPageTest -->
