<?xml version="1.0" encoding="UTF-8"?>
<!-- Generated by org.testng.reporters.JUnitReportReporter -->
<testsuite skipped="0" hostname="DESKTOP-9KU8G8P" name="testcases.HomePageTest" tests="4" failures="0" timestamp="27 Dec 2018 05:45:39 GMT" time="165.799" errors="0">
  <testcase name="verifyHomePageTitleTest" time="40.371" classname="testcases.HomePageTest"/>
  <testcase name="verifyUserNameTest" time="43.435" classname="testcases.HomePageTest"/>
  <testcase name="verifyContactsLinkTest" time="45.161" classname="testcases.HomePageTest"/>
  <testcase name="verifyFormsPageTest" time="36.832" classname="testcases.HomePageTest"/>
</testsuite> <!-- testcases.HomePageTest -->
