<?xml version="1.0" encoding="UTF-8"?>
<!-- Generated by org.testng.reporters.JUnitReportReporter -->
<testsuite skipped="0" hostname="DESKTOP-9KU8G8P" name="testcases.HomePageTest" tests="1" failures="0" timestamp="01 Jan 2019 14:21:31 GMT" time="58.352" errors="0">
  <testcase name="verifyHomePageTitleTest" time="58.352" classname="testcases.HomePageTest"/>
</testsuite> <!-- testcases.HomePageTest -->
