<?xml version="1.0" encoding="UTF-8"?>
<!-- Generated by org.testng.reporters.JUnitReportReporter -->
<testsuite skipped="0" hostname="DESKTOP-9KU8G8P" name="testcases.LoginPageTest" tests="1" failures="0" timestamp="01 Jan 2019 14:21:31 GMT" time="36.226" errors="0">
  <testcase name="crmLogoTest" time="36.226" classname="testcases.LoginPageTest"/>
</testsuite> <!-- testcases.LoginPageTest -->
